
[2016-09-24 21:15:48] production.ERROR: exception 'RuntimeException' with message 'No supported encrypter found. The cipher and / or key length are invalid.' in /Library/WebServer/Documents/DW.setpoint/bootstrap/cache/compiled.php:7771
Stack trace:
#0 /Library/WebServer/Documents/DW.setpoint/bootstrap/cache/compiled.php(7761): Illuminate\Encryption\EncryptionServiceProvider->getEncrypterForKeyAndCipher(NULL, 'AES-256-CBC')
#1 /Library/WebServer/Documents/DW.setpoint/bootstrap/cache/compiled.php(1353): Illuminate\Encryption\EncryptionServiceProvider->Illuminate\Encryption\{closure}(Object(Illuminate\Foundation\Application), Array)
#2 /Library/WebServer/Documents/DW.setpoint/bootstrap/cache/compiled.php(1309): Illuminate\Container\Container->build(Object(Closure), Array)
#3 /Library/WebServer/Documents/DW.setpoint/bootstrap/cache/compiled.php(1874): Illuminate\Container\Container->make('encrypter', Array)
#4 /Library/WebServer/Documents/DW.setpoint/bootstrap/cache/compiled.php(1410): Illuminate\Foundation\Application->make('Illuminate\\Cont...')
#5 /Library/WebServer/Documents/DW.setpoint/bootstrap/cache/compiled.php(1387): Illuminate\Container\Container->resolveClass(Object(ReflectionParameter))
#6 /Library/WebServer/Documents/DW.setpoint/bootstrap/cache/compiled.php(1373): Illuminate\Container\Container->getDependencies(Array, Array)
#7 /Library/WebServer/Documents/DW.setpoint/bootstrap/cache/compiled.php(1309): Illuminate\Container\Container->build('DwSetpoint\\Http...', Array)
#8 /Library/WebServer/Documents/DW.setpoint/bootstrap/cache/compiled.php(1874): Illuminate\Container\Container->make('DwSetpoint\\Http...', Array)
#9 /Library/WebServer/Documents/DW.setpoint/bootstrap/cache/compiled.php(9958): Illuminate\Foundation\Application->make('DwSetpoint\\Http...')
#10 [internal function]: Illuminate\Pipeline\Pipeline->Illuminate\Pipeline\{closure}(Object(Illuminate\Http\Request))
#11 /Library/WebServer/Documents/DW.setpoint/vendor/laravel/framework/src/Illuminate/Routing/Pipeline.php(32): call_user_func(Object(Closure), Object(Illuminate\Http\Request))
#12 [internal function]: Illuminate\Routing\Pipeline->Illuminate\Routing\{closure}(Object(Illuminate\Http\Request))
#13 /Library/WebServer/Documents/DW.setpoint/bootstrap/cache/compiled.php(9948): call_user_func(Object(Closure), Object(Illuminate\Http\Request))
#14 /Library/WebServer/Documents/DW.setpoint/bootstrap/cache/compiled.php(8226): Illuminate\Pipeline\Pipeline->then(Object(Closure))
#15 /Library/WebServer/Documents/DW.setpoint/bootstrap/cache/compiled.php(8217): Illuminate\Routing\Router->runRouteWithinStack(Object(Illuminate\Routing\Route), Object(Illuminate\Http\Request))
#16 /Library/WebServer/Documents/DW.setpoint/bootstrap/cache/compiled.php(8207): Illuminate\Routing\Router->dispatchToRoute(Object(Illuminate\Http\Request))
#17 /Library/WebServer/Documents/DW.setpoint/bootstrap/cache/compiled.php(2419): Illuminate\Routing\Router->dispatch(Object(Illuminate\Http\Request))
#18 [internal function]: Illuminate\Foundation\Http\Kernel->Illuminate\Foundation\Http\{closure}(Object(Illuminate\Http\Request))
#19 /Library/WebServer/Documents/DW.setpoint/vendor/laravel/framework/src/Illuminate/Routing/Pipeline.php(52): call_user_func(Object(Closure), Object(Illuminate\Http\Request))
#20 /Library/WebServer/Documents/DW.setpoint/bootstrap/cache/compiled.php(3286): Illuminate\Routing\Pipeline->Illuminate\Routing\{closure}(Object(Illuminate\Http\Request))
#21 [internal function]: Illuminate\Foundation\Http\Middleware\CheckForMaintenanceMode->handle(Object(Illuminate\Http\Request), Object(Closure))
#22 /Library/WebServer/Documents/DW.setpoint/bootstrap/cache/compiled.php(9963): call_user_func_array(Array, Array)
#23 [internal function]: Illuminate\Pipeline\Pipeline->Illuminate\Pipeline\{closure}(Object(Illuminate\Http\Request))
#24 /Library/WebServer/Documents/DW.setpoint/vendor/laravel/framework/src/Illuminate/Routing/Pipeline.php(32): call_user_func(Object(Closure), Object(Illuminate\Http\Request))
#25 [internal function]: Illuminate\Routing\Pipeline->Illuminate\Routing\{closure}(Object(Illuminate\Http\Request))
#26 /Library/WebServer/Documents/DW.setpoint/bootstrap/cache/compiled.php(9948): call_user_func(Object(Closure), Object(Illuminate\Http\Request))
#27 /Library/WebServer/Documents/DW.setpoint/bootstrap/cache/compiled.php(2366): Illuminate\Pipeline\Pipeline->then(Object(Closure))
#28 /Library/WebServer/Documents/DW.setpoint/bootstrap/cache/compiled.php(2350): Illuminate\Foundation\Http\Kernel->sendRequestThroughRouter(Object(Illuminate\Http\Request))
#29 /Library/WebServer/Documents/DW.setpoint/public/index.php(54): Illuminate\Foundation\Http\Kernel->handle(Object(Illuminate\Http\Request))
#30 {main}  
[2016-09-24 21:15:48] production.ERROR: exception 'RuntimeException' with message 'No supported encrypter found. The cipher and / or key length are invalid.' in /Library/WebServer/Documents/DW.setpoint/bootstrap/cache/compiled.php:7771
Stack trace:
#0 /Library/WebServer/Documents/DW.setpoint/bootstrap/cache/compiled.php(7761): Illuminate\Encryption\EncryptionServiceProvider->getEncrypterForKeyAndCipher(NULL, 'AES-256-CBC')
#1 /Library/WebServer/Documents/DW.setpoint/bootstrap/cache/compiled.php(1353): Illuminate\Encryption\EncryptionServiceProvider->Illuminate\Encryption\{closure}(Object(Illuminate\Foundation\Application), Array)
#2 /Library/WebServer/Documents/DW.setpoint/bootstrap/cache/compiled.php(1309): Illuminate\Container\Container->build(Object(Closure), Array)
#3 /Library/WebServer/Documents/DW.setpoint/bootstrap/cache/compiled.php(1874): Illuminate\Container\Container->make('encrypter', Array)
#4 /Library/WebServer/Documents/DW.setpoint/bootstrap/cache/compiled.php(1410): Illuminate\Foundation\Application->make('Illuminate\\Cont...')
#5 /Library/WebServer/Documents/DW.setpoint/bootstrap/cache/compiled.php(1387): Illuminate\Container\Container->resolveClass(Object(ReflectionParameter))
#6 /Library/WebServer/Documents/DW.setpoint/bootstrap/cache/compiled.php(1373): Illuminate\Container\Container->getDependencies(Array, Array)
#7 /Library/WebServer/Documents/DW.setpoint/bootstrap/cache/compiled.php(1309): Illuminate\Container\Container->build('DwSetpoint\\Http...', Array)
#8 /Library/WebServer/Documents/DW.setpoint/bootstrap/cache/compiled.php(1874): Illuminate\Container\Container->make('DwSetpoint\\Http...', Array)
#9 /Library/WebServer/Documents/DW.setpoint/bootstrap/cache/compiled.php(2373): Illuminate\Foundation\Application->make('DwSetpoint\\Http...')
#10 /Library/WebServer/Documents/DW.setpoint/public/index.php(58): Illuminate\Foundation\Http\Kernel->terminate(Object(Illuminate\Http\Request), Object(Illuminate\Http\Response))
#11 {main}  
[2016-09-24 21:16:33] production.ERROR: exception 'ErrorException' with message 'file_get_contents(/Library/WebServer/Documents/dw.setpoint/.env): failed to open stream: No such file or directory' in /Library/WebServer/Documents/dw.setpoint/vendor/laravel/framework/src/Illuminate/Foundation/Console/KeyGenerateCommand.php:57
Stack trace:
#0 [internal function]: Illuminate\Foundation\Bootstrap\HandleExceptions->handleError(2, 'file_get_conten...', '/Library/WebSer...', 57, Array)
#1 /Library/WebServer/Documents/dw.setpoint/vendor/laravel/framework/src/Illuminate/Foundation/Console/KeyGenerateCommand.php(57): file_get_contents('/Library/WebSer...')
#2 /Library/WebServer/Documents/dw.setpoint/vendor/laravel/framework/src/Illuminate/Foundation/Console/KeyGenerateCommand.php(39): Illuminate\Foundation\Console\KeyGenerateCommand->setKeyInEnvironmentFile('base64:teXf2tTh...')
#3 [internal function]: Illuminate\Foundation\Console\KeyGenerateCommand->fire()
#4 /Library/WebServer/Documents/dw.setpoint/bootstrap/cache/compiled.php(1257): call_user_func_array(Array, Array)
#5 /Library/WebServer/Documents/dw.setpoint/vendor/laravel/framework/src/Illuminate/Console/Command.php(169): Illuminate\Container\Container->call(Array)
#6 /Library/WebServer/Documents/dw.setpoint/vendor/symfony/console/Command/Command.php(256): Illuminate\Console\Command->execute(Object(Symfony\Component\Console\Input\ArgvInput), Object(Symfony\Component\Console\Output\ConsoleOutput))
#7 /Library/WebServer/Documents/dw.setpoint/vendor/laravel/framework/src/Illuminate/Console/Command.php(155): Symfony\Component\Console\Command\Command->run(Object(Symfony\Component\Console\Input\ArgvInput), Object(Symfony\Component\Console\Output\ConsoleOutput))
#8 /Library/WebServer/Documents/dw.setpoint/vendor/symfony/console/Application.php(794): Illuminate\Console\Command->run(Object(Symfony\Component\Console\Input\ArgvInput), Object(Symfony\Component\Console\Output\ConsoleOutput))
#9 /Library/WebServer/Documents/dw.setpoint/vendor/symfony/console/Application.php(186): Symfony\Component\Console\Application->doRunCommand(Object(Illuminate\Foundation\Console\KeyGenerateCommand), Object(Symfony\Component\Console\Input\ArgvInput), Object(Symfony\Component\Console\Output\ConsoleOutput))
#10 /Library/WebServer/Documents/dw.setpoint/vendor/symfony/console/Application.php(117): Symfony\Component\Console\Application->doRun(Object(Symfony\Component\Console\Input\ArgvInput), Object(Symfony\Component\Console\Output\ConsoleOutput))
#11 /Library/WebServer/Documents/dw.setpoint/vendor/laravel/framework/src/Illuminate/Foundation/Console/Kernel.php(107): Symfony\Component\Console\Application->run(Object(Symfony\Component\Console\Input\ArgvInput), Object(Symfony\Component\Console\Output\ConsoleOutput))
#12 /Library/WebServer/Documents/dw.setpoint/artisan(36): Illuminate\Foundation\Console\Kernel->handle(Object(Symfony\Component\Console\Input\ArgvInput), Object(Symfony\Component\Console\Output\ConsoleOutput))
#13 {main}  
